PID: 6, file_name: [6819210, 7955745]
=========
Generate Time: 301.0824992656708
=========
=========
Count Data Time: 0.31834912300109863
=========
PID: 3, file_name: [3409605, 4546140]
=========
Generate Time: 180.85458874702454
=========
=========
Count Data Time: 0.18748736381530762
=========
PID: 4, file_name: [4546140, 5682675]
=========
Generate Time: 215.99075889587402
=========
=========
Count Data Time: 0.19286584854125977
=========
PID: 5, file_name: [5682675, 6819210]
=========
Generate Time: 267.0127718448639
=========
=========
Count Data Time: 0.30457139015197754
=========
PID: 7, file_name: [7955745, 9092274]
=========
Generate Time: 343.6865351200104
=========
=========
Count Data Time: 0.3422393798828125
=========
PID: 1, file_name: [1136535, 2273070]
=========
Generate Time: 108.20400285720825
=========
=========
Count Data Time: 0.3297717571258545
=========
PID: 2, file_name: [2273070, 3409605]
=========
Generate Time: 146.46645259857178
=========
=========
Count Data Time: 0.33016324043273926
=========
=========
Split Time: 4.601478576660156e-05
=========
PID: 0, file_name: [0, 1136535]
=========
Generate Time: 70.76894402503967
=========
=========
Count Data Time: 0.35700225830078125
=========
=========
Merge Time: 1.0217878818511963
=========
=========
Total Time: 702.0699133872986
=========
   Rank            Author Id  Number of Total Tweets Made
0     1  1498063511204761601                        68477
1     2  1089023364973219840                        28128
2     3   826332877457481728                        27718
3     4  1250331934242123776                        25350
4     5  1423662808311287813                        21034
5     6  1183144981252280322                        20765
6     7  1270672820792508417                        20503
7     8   820431428835885059                        20063
8     9   778785859030003712                        19403
9    10  1104295492433764353                        18781
  Greater Capital City  Number of Total Tweets Made
0                2gmel                      2288047
1                1gsyd                      2122400
2                3gbri                       862807
3                5gper                       588960
4                4gade                       467750
5                8acte                       202826
6                6ghob                        91083
7                7gdar                        46467
8                9oter                          203
       Rank            Author Id  Number of Unique City Locations  \
2615      1   702290904460169216                                8   
28362     2  1429984556451389440                                8   
9498      3             17285408                                8   
7372      4             87188071                                8   
8838      5   774694926135222272                                8   
6019      6   921197448885886977                                8   
5357      7           1361519083                                8   
5340      8            502381727                                8   
49891     9            601712763                                8   
25273    10           2647302752                                8   

      Number of Total Tweets Made  \
2615                         3319   
28362                        2263   
9498                         1237   
7372                          648   
8838                          535   
6019                          315   
5357                          283   
5340                          252   
49891                         179   
25273                          92   

                               Count Tweets in Each City  
2615   #275gmel, #131gade, #52acte, #234gbri, #45ghob...  
28362  #1880gmel, #2gade, #13acte, #7gper, #10gsyd, #...  
9498   #1061gsyd, #40gbri, #23acte, #60gmel, #11ghob,...  
7372   #29gade, #65gbri, #51gper, #110gsyd, #86gmel, ...  
8838   #37gbri, #28gade, #28gdar, #34acte, #37gsyd, #...  
6019   #37gbri, #24gade, #28gper, #46gsyd, #58gmel, #...  
5357   #36gmel, #193gdar, #12gsyd, #9gade, #1gper, #6...  
5340   #214gmel, #8gbri, #8ghob, #3gper, #4gade, #2gs...  
49891  #44gsyd, #10acte, #39gmel, #1gdar, #14gper, #8...  
25273  #32gbri, #3gdar, #3gade, #4gper, #4acte, #13gs...  



Job ID           : 46051910
Cluster          : spartan
User/Project     : natakornk/comp90024
Nodes            : 2
Wall-clock time  : 00:11:47 / 1-00:00:00

Displaying overall resources usage from 2023-04-04 14:49:07 to 2023-04-04 15:00:54:

NODE            CPU#        TOT%   ( USR   / SYS   / WIO   / IDLE  ) 

spartan-bm015 : 
                CPU# 1    : 98.7   (  97.3 /   1.4 /   0.0 /   1.3 ) 
                CPU# 2    : 95.5   (  95.1 /   0.4 /   0.0 /   4.5 ) 
                CPU# 3    : 95.5   (  95.0 /   0.5 /   0.0 /   4.5 ) 
                CPU# 4    : 95.6   (  95.0 /   0.6 /   0.0 /   4.4 ) 

spartan-bm016 : 
                CPU# 5    : 96.0   (  95.0 /   1.0 /   0.0 /   4.0 ) 
                CPU# 6    : 94.4   (  93.3 /   1.0 /   0.0 /   5.6 ) 
                CPU# 7    : 95.3   (  94.1 /   1.2 /   0.0 /   4.7 ) 
                CPU# 8    : 96.5   (  95.0 /   1.5 /   0.0 /   3.5 ) 


Allocated CPUs            : 8    
  CPUs with usage <25%    : 0    
  CPUs with usage <50%    : 0    
  CPUs with usage >50%    : 8    

Memory used (RAM)         : 0.0%  [5MB of 65536MB]

--------------------------------------------

