PID: 7, file_name: [7955745, 9092274]
=========
Generate Time: 342.66664695739746
=========
=========
Count Data Time: 0.33206963539123535
=========
PID: 2, file_name: [2273070, 3409605]
=========
Generate Time: 144.2912311553955
=========
=========
Count Data Time: 0.3329129219055176
=========
PID: 3, file_name: [3409605, 4546140]
=========
Generate Time: 181.55728936195374
=========
=========
Count Data Time: 0.18661808967590332
=========
PID: 4, file_name: [4546140, 5682675]
=========
Generate Time: 215.99811458587646
=========
=========
Count Data Time: 0.2012932300567627
=========
PID: 5, file_name: [5682675, 6819210]
=========
Generate Time: 256.4751057624817
=========
=========
Count Data Time: 0.3252084255218506
=========
PID: 1, file_name: [1136535, 2273070]
=========
Generate Time: 105.6097903251648
=========
=========
Count Data Time: 0.3252098560333252
=========
PID: 6, file_name: [6819210, 7955745]
=========
Generate Time: 297.8709526062012
=========
=========
Count Data Time: 0.3145172595977783
=========
=========
Split Time: 4.124641418457031e-05
=========
PID: 0, file_name: [0, 1136535]
=========
Generate Time: 69.98723864555359
=========
=========
Count Data Time: 0.31749892234802246
=========
=========
Merge Time: 0.9988183975219727
=========
=========
Total Time: 695.118489742279
=========
   Rank            Author Id  Number of Total Tweets Made
0     1  1498063511204761601                        68477
1     2  1089023364973219840                        28128
2     3   826332877457481728                        27718
3     4  1250331934242123776                        25350
4     5  1423662808311287813                        21034
5     6  1183144981252280322                        20765
6     7  1270672820792508417                        20503
7     8   820431428835885059                        20063
8     9   778785859030003712                        19403
9    10  1104295492433764353                        18781
  Greater Capital City  Number of Total Tweets Made
0                2gmel                      2288047
1                1gsyd                      2122400
2                3gbri                       862807
3                5gper                       588960
4                4gade                       467750
5                8acte                       202826
6                6ghob                        91083
7                7gdar                        46467
8                9oter                          203
       Rank            Author Id  Number of Unique City Locations  \
2615      1   702290904460169216                                8   
28362     2  1429984556451389440                                8   
9498      3             17285408                                8   
7372      4             87188071                                8   
8838      5   774694926135222272                                8   
6019      6   921197448885886977                                8   
5357      7           1361519083                                8   
5340      8            502381727                                8   
49891     9            601712763                                8   
25273    10           2647302752                                8   

      Number of Total Tweets Made  \
2615                         3319   
28362                        2263   
9498                         1237   
7372                          648   
8838                          535   
6019                          315   
5357                          283   
5340                          252   
49891                         179   
25273                          92   

                               Count Tweets in Each City  
2615   #275gmel, #131gade, #52acte, #234gbri, #45ghob...  
28362  #1880gmel, #2gade, #13acte, #7gper, #10gsyd, #...  
9498   #1061gsyd, #40gbri, #23acte, #60gmel, #11ghob,...  
7372   #29gade, #65gbri, #51gper, #110gsyd, #86gmel, ...  
8838   #37gbri, #28gade, #28gdar, #34acte, #37gsyd, #...  
6019   #37gbri, #24gade, #28gper, #46gsyd, #58gmel, #...  
5357   #36gmel, #193gdar, #12gsyd, #9gade, #1gper, #6...  
5340   #214gmel, #8gbri, #8ghob, #3gper, #4gade, #2gs...  
49891  #44gsyd, #10acte, #39gmel, #1gdar, #14gper, #8...  
25273  #32gbri, #3gdar, #3gade, #4gper, #4acte, #13gs...  



Job ID           : 46051496
Cluster          : spartan
User/Project     : natakornk/comp90024
Nodes            : 1
Wall-clock time  : 00:11:42 / 1-00:00:00

Displaying overall resources usage from 2023-04-04 14:29:18 to 2023-04-04 14:41:00:

NODE            CPU#        TOT%   ( USR   / SYS   / WIO   / IDLE  ) 

spartan-bm026 : 
                CPU# 1    : 98.9   (  97.5 /   1.4 /   0.0 /   1.1 ) 
                CPU# 2    : 96.0   (  95.3 /   0.7 /   0.0 /   4.0 ) 
                CPU# 3    : 95.9   (  94.9 /   1.1 /   0.0 /   4.1 ) 
                CPU# 4    : 96.1   (  95.7 /   0.4 /   0.0 /   3.9 ) 
                CPU# 5    : 96.2   (  95.4 /   0.8 /   0.0 /   3.8 ) 
                CPU# 6    : 96.0   (  95.4 /   0.5 /   0.0 /   4.0 ) 
                CPU# 7    : 95.9   (  95.0 /   0.9 /   0.0 /   4.1 ) 
                CPU# 8    : 96.0   (  94.8 /   1.2 /   0.0 /   4.0 ) 


Allocated CPUs            : 8    
  CPUs with usage <25%    : 0    
  CPUs with usage <50%    : 0    
  CPUs with usage >50%    : 8    

Memory used (RAM)         : 0.0%  [4MB of 32768MB]

--------------------------------------------

